=/pretest.json
{
  _: [],
  f: [
    '/home/runner/work/exp-ohmic-and-schottky-contacts-built-in-potential-and-electric-field-iiith/exp-ohmic-and-schottky-contacts-built-in-potential-and-electric-field-iiith/experiment/pretest.json'
  ],
  files: [
    '/home/runner/work/exp-ohmic-and-schottky-contacts-built-in-potential-and-electric-field-iiith/exp-ohmic-and-schottky-contacts-built-in-potential-and-electric-field-iiith/experiment/pretest.json'
  ],
  c: 'assessment',
  contentTypes: 'assessment',
  'content-types': 'assessment',
  '$0': 'validate'
}
Validated true
=/posttest.json
{
  _: [],
  f: [
    '/home/runner/work/exp-ohmic-and-schottky-contacts-built-in-potential-and-electric-field-iiith/exp-ohmic-and-schottky-contacts-built-in-potential-and-electric-field-iiith/experiment/posttest.json'
  ],
  files: [
    '/home/runner/work/exp-ohmic-and-schottky-contacts-built-in-potential-and-electric-field-iiith/exp-ohmic-and-schottky-contacts-built-in-potential-and-electric-field-iiith/experiment/posttest.json'
  ],
  c: 'assessment',
  contentTypes: 'assessment',
  'content-types': 'assessment',
  '$0': 'validate'
}
Validated true
